<?xml version="1.0" encoding="UTF-8"?>
<!-- Generated by org.testng.reporters.JUnitReportReporter -->
<testsuite hostname="LAPTOP-M4NAOCUG" failures="0" tests="1" name="TC001.case1" time="6.193" errors="0" timestamp="2023-12-06T15:59:49 IST" skipped="0">
  <testcase classname="TC001.case1" name="searchletcode" time="6.193"/>
  <system-out/>
</testsuite> <!-- TC001.case1 -->
